2025-01-16 22:55:48,727 - DEBUG - Showing main menu
2025-01-16 22:55:48,727 - DEBUG - Showing submenu: main_menu
2025-01-16 22:55:48,727 - DEBUG - Clearing buttons
2025-01-16 22:55:48,727 - DEBUG - Adding buttons: [{'text': 'Flush DNS Cache', 'description': 'Flushes the DNS cache to resolve DNS-related issues.', 'command': 'ipconfig /flushdns', 'success_message': 'DNS cache flushed successfully.', 'long_description': 'Use this command to flush the DNS cache when you are experiencing DNS-related issues such as not being able to resolve domain names.'}, {'text': 'Clear ARP Cache', 'description': 'Clears the ARP cache to resolve ARP-related issues.', 'command': 'arp -d', 'success_message': 'ARP cache cleared successfully.', 'long_description': 'Use this command to clear the ARP cache when you are experiencing ARP-related issues such as incorrect IP address to MAC address mappings.'}, {'text': 'Test Connectivity', 'description': 'Tests network connectivity by pinging common DNS servers.', 'submenu': 'test_connectivity', 'long_description': 'Use this submenu to test network connectivity by pinging common DNS servers like Google DNS, Cloudflare DNS, and OpenDNS.'}, {'text': 'Display DNS Cache', 'description': 'Displays the current DNS cache entries.', 'command': 'ipconfig /displaydns', 'success_message': 'DNS cache displayed.', 'long_description': 'Use this command to display the current DNS cache entries to troubleshoot DNS resolution issues.'}, {'text': 'Reset Network Settings', 'description': 'Resets network settings to default.', 'command': 'netsh int ip reset', 'success_message': 'Network settings reset successfully.', 'long_description': 'Use this command to reset network settings to their default values when you are experiencing network configuration issues.'}, {'text': 'Release and Renew IP Address', 'description': 'Releases and renews the IP address.', 'command': 'ipconfig /release && ipconfig /renew', 'success_message': 'IP address released and renewed.', 'long_description': 'Use this command to release and renew the IP address when you are experiencing IP address conflicts or connectivity issues.'}, {'text': 'Check Network Adapter Status', 'description': 'Displays the status of network adapters.', 'command': 'netsh interface show interface', 'success_message': 'Network adapter status displayed.', 'long_description': 'Use this command to display the status of network adapters to troubleshoot connectivity issues.'}, {'text': 'Reset Winsock', 'description': 'Resets Winsock settings. Requires a restart.', 'command': 'netsh winsock reset', 'success_message': 'Winsock reset successfully. Please restart your computer for changes to take effect.', 'long_description': 'Use this command to reset Winsock settings when you are experiencing network socket-related issues. A restart is required for changes to take effect.'}, {'text': 'Reset TCP/IP Stack (IPv4)', 'description': 'Resets the IPv4 TCP/IP stack. Requires a restart.', 'command': 'netsh int ip reset', 'success_message': 'IPv4 TCP/IP stack reset successfully. Please restart your computer for changes to take effect.', 'long_description': 'Use this command to reset the IPv4 TCP/IP stack when you are experiencing IPv4-related connectivity issues. A restart is required for changes to take effect.'}, {'text': 'Reset TCP/IP Stack (IPv6)', 'description': 'Resets the IPv6 TCP/IP stack. Requires a restart.', 'command': 'netsh int ipv6 reset', 'success_message': 'IPv6 TCP/IP stack reset successfully. Please restart your computer for changes to take effect.', 'long_description': 'Use this command to reset the IPv6 TCP/IP stack when you are experiencing IPv6-related connectivity issues. A restart is required for changes to take effect.'}, {'text': 'Restart DHCP and DNS Client Services', 'description': 'Restarts DHCP and DNS Client services.', 'command': 'net stop dhcp && net start dhcp && net stop dnscache && net start dnscache', 'success_message': 'DHCP and DNS Client services restarted.', 'long_description': 'Use this command to restart DHCP and DNS Client services when you are experiencing issues with obtaining an IP address or DNS resolution.'}, {'text': 'Restart Network Adapters', 'description': 'Restarts network adapters.', 'command': 'for /f "tokens=*" %%A in (\'netsh interface show interface ^| findstr /C:"Enabled"\') do (netsh interface set interface name="%%A" admin=disable && timeout /t 2 >nul && netsh interface set interface name="%%A" admin=enable)', 'success_message': 'Network adapters restarted.', 'long_description': 'Use this command to restart network adapters when you are experiencing connectivity issues.'}, {'text': 'Display Network Configuration', 'description': 'Displays the current network configuration.', 'command': 'ipconfig /all', 'success_message': 'Network configuration displayed.', 'long_description': 'Use this command to display the current network configuration to troubleshoot network settings and connectivity issues.'}, {'text': 'Check for Network Driver Updates', 'description': 'Checks for updates to network drivers.', 'command': 'wmic path win32_pnpentity where "DeviceID like \'%%PCI%%\'" get DeviceID, Name, Manufacturer, DriverVersion', 'success_message': 'Network driver updates check completed.', 'long_description': 'Use this command to check for updates to network drivers when you are experiencing driver-related issues.'}, {'text': 'Help', 'submenu': 'help_menu'}, {'text': 'Flush DNS, Clear ARP, and Test Connectivity', 'description': 'Flushes DNS, clears ARP, and tests connectivity.', 'commands': [{'command': 'ipconfig /flushdns', 'success_message': 'DNS cache flushed successfully.', 'long_description': 'Use this command to flush the DNS cache when you are experiencing DNS-related issues such as not being able to resolve domain names.'}, {'command': 'arp -d', 'success_message': 'ARP cache cleared successfully.', 'long_description': 'Use this command to clear the ARP cache when you are experiencing ARP-related issues such as incorrect IP address to MAC address mappings.'}, {'command': 'ping 8.8.8.8 -n 4', 'success_message': 'Ping to Google DNS complete.', 'long_description': 'Use this command to test network connectivity by pinging Google DNS.'}]}]
2025-01-16 22:55:48,729 - DEBUG - Adding button: Flush DNS Cache
2025-01-16 22:55:48,730 - DEBUG - Adding button: Clear ARP Cache
2025-01-16 22:55:48,730 - DEBUG - Adding button: Test Connectivity
2025-01-16 22:55:48,730 - DEBUG - Adding button: Display DNS Cache
2025-01-16 22:55:48,730 - DEBUG - Adding button: Reset Network Settings
2025-01-16 22:55:48,731 - DEBUG - Adding button: Release and Renew IP Address
2025-01-16 22:55:48,731 - DEBUG - Adding button: Check Network Adapter Status
2025-01-16 22:55:48,731 - DEBUG - Adding button: Reset Winsock
2025-01-16 22:55:48,731 - DEBUG - Adding button: Reset TCP/IP Stack (IPv4)
2025-01-16 22:55:48,731 - DEBUG - Adding button: Reset TCP/IP Stack (IPv6)
2025-01-16 22:55:48,731 - DEBUG - Adding button: Restart DHCP and DNS Client Services
2025-01-16 22:55:48,732 - DEBUG - Adding button: Restart Network Adapters
2025-01-16 22:55:48,732 - DEBUG - Adding button: Display Network Configuration
2025-01-16 22:55:48,732 - DEBUG - Adding button: Check for Network Driver Updates
2025-01-16 22:55:48,732 - DEBUG - Adding button: Help
2025-01-16 22:55:48,732 - DEBUG - Adding button: Flush DNS, Clear ARP, and Test Connectivity
2025-01-16 22:55:53,351 - DEBUG - Button clicked: Flush DNS Cache
2025-01-16 22:55:53,487 - DEBUG - Showing command: Flushes the DNS cache to resolve DNS-related issues., ipconfig /flushdns, DNS cache flushed successfully., Use this command to flush the DNS cache when you are experiencing DNS-related issues such as not being able to resolve domain names.
2025-01-16 22:55:53,487 - DEBUG - Updated description_label: Flushes the DNS cache to resolve DNS-related issues.
2025-01-16 22:55:53,487 - DEBUG - Updated execute_button with command: ipconfig /flushdns
2025-01-16 22:55:55,216 - DEBUG - Button clicked: Clear ARP Cache
2025-01-16 22:55:55,336 - DEBUG - Showing command: Clears the ARP cache to resolve ARP-related issues., arp -d, ARP cache cleared successfully., Use this command to clear the ARP cache when you are experiencing ARP-related issues such as incorrect IP address to MAC address mappings.
2025-01-16 22:55:55,337 - DEBUG - Updated description_label: Clears the ARP cache to resolve ARP-related issues.
2025-01-16 22:55:55,337 - DEBUG - Updated execute_button with command: arp -d
2025-01-16 22:55:56,191 - DEBUG - Button clicked: Test Connectivity
2025-01-16 22:55:56,303 - DEBUG - Showing submenu: test_connectivity
2025-01-16 22:55:56,303 - DEBUG - Clearing buttons
2025-01-16 22:55:56,309 - DEBUG - Adding buttons: [{'text': 'Ping Google DNS (8.8.8.8)', 'description': 'Pings Google DNS to test connectivity.', 'command': 'ping 8.8.8.8 -n 4', 'success_message': 'Ping to Google DNS complete.', 'long_description': 'Use this command to test network connectivity by pinging Google DNS.'}, {'text': 'Ping Cloudflare DNS (1.1.1.1)', 'description': 'Pings Cloudflare DNS to test connectivity.', 'command': 'ping 1.1.1.1 -n 4', 'success_message': 'Ping to Cloudflare DNS complete.', 'long_description': 'Use this command to test network connectivity by pinging Cloudflare DNS.'}, {'text': 'Ping OpenDNS (208.67.222.222)', 'description': 'Pings OpenDNS to test connectivity.', 'command': 'ping 208.67.222.222 -n 4', 'success_message': 'Ping to OpenDNS complete.', 'long_description': 'Use this command to test network connectivity by pinging OpenDNS.'}, {'text': 'Enter Custom IP', 'description': 'Enter IP to ping:', 'custom_input': True, 'long_description': 'Use this option to enter a custom IP address to ping.'}, {'text': 'Back to Main Menu', 'submenu': 'main_menu'}]
2025-01-16 22:55:56,309 - DEBUG - Adding button: Ping Google DNS (8.8.8.8)
2025-01-16 22:55:56,309 - DEBUG - Adding button: Ping Cloudflare DNS (1.1.1.1)
2025-01-16 22:55:56,309 - DEBUG - Adding button: Ping OpenDNS (208.67.222.222)
2025-01-16 22:55:56,309 - DEBUG - Adding button: Enter Custom IP
2025-01-16 22:55:56,310 - DEBUG - Adding button: Back to Main Menu
2025-01-16 22:55:59,175 - DEBUG - Button clicked: Back to Main Menu
2025-01-16 22:55:59,303 - DEBUG - Showing submenu: main_menu
2025-01-16 22:55:59,303 - DEBUG - Clearing buttons
2025-01-16 22:55:59,307 - DEBUG - Adding buttons: [{'text': 'Flush DNS Cache', 'description': 'Flushes the DNS cache to resolve DNS-related issues.', 'command': 'ipconfig /flushdns', 'success_message': 'DNS cache flushed successfully.', 'long_description': 'Use this command to flush the DNS cache when you are experiencing DNS-related issues such as not being able to resolve domain names.'}, {'text': 'Clear ARP Cache', 'description': 'Clears the ARP cache to resolve ARP-related issues.', 'command': 'arp -d', 'success_message': 'ARP cache cleared successfully.', 'long_description': 'Use this command to clear the ARP cache when you are experiencing ARP-related issues such as incorrect IP address to MAC address mappings.'}, {'text': 'Test Connectivity', 'description': 'Tests network connectivity by pinging common DNS servers.', 'submenu': 'test_connectivity', 'long_description': 'Use this submenu to test network connectivity by pinging common DNS servers like Google DNS, Cloudflare DNS, and OpenDNS.'}, {'text': 'Display DNS Cache', 'description': 'Displays the current DNS cache entries.', 'command': 'ipconfig /displaydns', 'success_message': 'DNS cache displayed.', 'long_description': 'Use this command to display the current DNS cache entries to troubleshoot DNS resolution issues.'}, {'text': 'Reset Network Settings', 'description': 'Resets network settings to default.', 'command': 'netsh int ip reset', 'success_message': 'Network settings reset successfully.', 'long_description': 'Use this command to reset network settings to their default values when you are experiencing network configuration issues.'}, {'text': 'Release and Renew IP Address', 'description': 'Releases and renews the IP address.', 'command': 'ipconfig /release && ipconfig /renew', 'success_message': 'IP address released and renewed.', 'long_description': 'Use this command to release and renew the IP address when you are experiencing IP address conflicts or connectivity issues.'}, {'text': 'Check Network Adapter Status', 'description': 'Displays the status of network adapters.', 'command': 'netsh interface show interface', 'success_message': 'Network adapter status displayed.', 'long_description': 'Use this command to display the status of network adapters to troubleshoot connectivity issues.'}, {'text': 'Reset Winsock', 'description': 'Resets Winsock settings. Requires a restart.', 'command': 'netsh winsock reset', 'success_message': 'Winsock reset successfully. Please restart your computer for changes to take effect.', 'long_description': 'Use this command to reset Winsock settings when you are experiencing network socket-related issues. A restart is required for changes to take effect.'}, {'text': 'Reset TCP/IP Stack (IPv4)', 'description': 'Resets the IPv4 TCP/IP stack. Requires a restart.', 'command': 'netsh int ip reset', 'success_message': 'IPv4 TCP/IP stack reset successfully. Please restart your computer for changes to take effect.', 'long_description': 'Use this command to reset the IPv4 TCP/IP stack when you are experiencing IPv4-related connectivity issues. A restart is required for changes to take effect.'}, {'text': 'Reset TCP/IP Stack (IPv6)', 'description': 'Resets the IPv6 TCP/IP stack. Requires a restart.', 'command': 'netsh int ipv6 reset', 'success_message': 'IPv6 TCP/IP stack reset successfully. Please restart your computer for changes to take effect.', 'long_description': 'Use this command to reset the IPv6 TCP/IP stack when you are experiencing IPv6-related connectivity issues. A restart is required for changes to take effect.'}, {'text': 'Restart DHCP and DNS Client Services', 'description': 'Restarts DHCP and DNS Client services.', 'command': 'net stop dhcp && net start dhcp && net stop dnscache && net start dnscache', 'success_message': 'DHCP and DNS Client services restarted.', 'long_description': 'Use this command to restart DHCP and DNS Client services when you are experiencing issues with obtaining an IP address or DNS resolution.'}, {'text': 'Restart Network Adapters', 'description': 'Restarts network adapters.', 'command': 'for /f "tokens=*" %%A in (\'netsh interface show interface ^| findstr /C:"Enabled"\') do (netsh interface set interface name="%%A" admin=disable && timeout /t 2 >nul && netsh interface set interface name="%%A" admin=enable)', 'success_message': 'Network adapters restarted.', 'long_description': 'Use this command to restart network adapters when you are experiencing connectivity issues.'}, {'text': 'Display Network Configuration', 'description': 'Displays the current network configuration.', 'command': 'ipconfig /all', 'success_message': 'Network configuration displayed.', 'long_description': 'Use this command to display the current network configuration to troubleshoot network settings and connectivity issues.'}, {'text': 'Check for Network Driver Updates', 'description': 'Checks for updates to network drivers.', 'command': 'wmic path win32_pnpentity where "DeviceID like \'%%PCI%%\'" get DeviceID, Name, Manufacturer, DriverVersion', 'success_message': 'Network driver updates check completed.', 'long_description': 'Use this command to check for updates to network drivers when you are experiencing driver-related issues.'}, {'text': 'Help', 'submenu': 'help_menu'}, {'text': 'Flush DNS, Clear ARP, and Test Connectivity', 'description': 'Flushes DNS, clears ARP, and tests connectivity.', 'commands': [{'command': 'ipconfig /flushdns', 'success_message': 'DNS cache flushed successfully.', 'long_description': 'Use this command to flush the DNS cache when you are experiencing DNS-related issues such as not being able to resolve domain names.'}, {'command': 'arp -d', 'success_message': 'ARP cache cleared successfully.', 'long_description': 'Use this command to clear the ARP cache when you are experiencing ARP-related issues such as incorrect IP address to MAC address mappings.'}, {'command': 'ping 8.8.8.8 -n 4', 'success_message': 'Ping to Google DNS complete.', 'long_description': 'Use this command to test network connectivity by pinging Google DNS.'}]}]
2025-01-16 22:55:59,307 - DEBUG - Adding button: Flush DNS Cache
2025-01-16 22:55:59,308 - DEBUG - Adding button: Clear ARP Cache
2025-01-16 22:55:59,308 - DEBUG - Adding button: Test Connectivity
2025-01-16 22:55:59,308 - DEBUG - Adding button: Display DNS Cache
2025-01-16 22:55:59,308 - DEBUG - Adding button: Reset Network Settings
2025-01-16 22:55:59,309 - DEBUG - Adding button: Release and Renew IP Address
2025-01-16 22:55:59,309 - DEBUG - Adding button: Check Network Adapter Status
2025-01-16 22:55:59,309 - DEBUG - Adding button: Reset Winsock
2025-01-16 22:55:59,309 - DEBUG - Adding button: Reset TCP/IP Stack (IPv4)
2025-01-16 22:55:59,309 - DEBUG - Adding button: Reset TCP/IP Stack (IPv6)
2025-01-16 22:55:59,309 - DEBUG - Adding button: Restart DHCP and DNS Client Services
2025-01-16 22:55:59,310 - DEBUG - Adding button: Restart Network Adapters
2025-01-16 22:55:59,310 - DEBUG - Adding button: Display Network Configuration
2025-01-16 22:55:59,310 - DEBUG - Adding button: Check for Network Driver Updates
2025-01-16 22:55:59,310 - DEBUG - Adding button: Help
2025-01-16 22:55:59,310 - DEBUG - Adding button: Flush DNS, Clear ARP, and Test Connectivity
2025-01-16 22:56:54,352 - DEBUG - Button clicked: Flush DNS Cache
2025-01-16 22:56:54,471 - DEBUG - Showing command: Flushes the DNS cache to resolve DNS-related issues., ipconfig /flushdns, DNS cache flushed successfully., Use this command to flush the DNS cache when you are experiencing DNS-related issues such as not being able to resolve domain names.
2025-01-16 22:56:54,472 - DEBUG - Updated description_label: Flushes the DNS cache to resolve DNS-related issues.
2025-01-16 22:56:54,472 - DEBUG - Updated execute_button with command: ipconfig /flushdns
2025-01-16 22:56:56,367 - INFO - ================================================================================
2025-01-16 22:56:56,367 - DEBUG - Executing command: ipconfig /flushdns
2025-01-16 22:56:56,367 - INFO - Executing command: ipconfig /flushdns
2025-01-16 22:56:56,429 - INFO - 

2025-01-16 22:56:56,429 - INFO - Windows IP Configuration

2025-01-16 22:56:56,429 - INFO - 

2025-01-16 22:56:56,430 - INFO - Successfully flushed the DNS Resolver Cache.

2025-01-16 22:56:56,432 - INFO - DNS cache flushed successfully.
2025-01-16 22:56:56,433 - INFO - ================================================================================
2025-01-16 22:56:58,295 - DEBUG - Button clicked: Clear ARP Cache
2025-01-16 22:56:58,383 - DEBUG - Showing command: Clears the ARP cache to resolve ARP-related issues., arp -d, ARP cache cleared successfully., Use this command to clear the ARP cache when you are experiencing ARP-related issues such as incorrect IP address to MAC address mappings.
2025-01-16 22:56:58,383 - DEBUG - Updated description_label: Clears the ARP cache to resolve ARP-related issues.
2025-01-16 22:56:58,383 - DEBUG - Updated execute_button with command: arp -d
2025-01-16 22:56:59,383 - INFO - ================================================================================
2025-01-16 22:56:59,383 - DEBUG - Executing command: arp -d
2025-01-16 22:56:59,383 - INFO - Executing command: arp -d
2025-01-16 22:56:59,447 - INFO - ARP cache cleared successfully.
2025-01-16 22:56:59,448 - INFO - ================================================================================
2025-01-16 22:57:01,448 - DEBUG - Button clicked: Test Connectivity
2025-01-16 22:57:01,552 - DEBUG - Showing submenu: test_connectivity
2025-01-16 22:57:01,552 - DEBUG - Clearing buttons
2025-01-16 22:57:01,558 - DEBUG - Adding buttons: [{'text': 'Ping Google DNS (8.8.8.8)', 'description': 'Pings Google DNS to test connectivity.', 'command': 'ping 8.8.8.8 -n 4', 'success_message': 'Ping to Google DNS complete.', 'long_description': 'Use this command to test network connectivity by pinging Google DNS.'}, {'text': 'Ping Cloudflare DNS (1.1.1.1)', 'description': 'Pings Cloudflare DNS to test connectivity.', 'command': 'ping 1.1.1.1 -n 4', 'success_message': 'Ping to Cloudflare DNS complete.', 'long_description': 'Use this command to test network connectivity by pinging Cloudflare DNS.'}, {'text': 'Ping OpenDNS (208.67.222.222)', 'description': 'Pings OpenDNS to test connectivity.', 'command': 'ping 208.67.222.222 -n 4', 'success_message': 'Ping to OpenDNS complete.', 'long_description': 'Use this command to test network connectivity by pinging OpenDNS.'}, {'text': 'Enter Custom IP', 'description': 'Enter IP to ping:', 'custom_input': True, 'long_description': 'Use this option to enter a custom IP address to ping.'}, {'text': 'Back to Main Menu', 'submenu': 'main_menu'}]
2025-01-16 22:57:01,559 - DEBUG - Adding button: Ping Google DNS (8.8.8.8)
2025-01-16 22:57:01,559 - DEBUG - Adding button: Ping Cloudflare DNS (1.1.1.1)
2025-01-16 22:57:01,559 - DEBUG - Adding button: Ping OpenDNS (208.67.222.222)
2025-01-16 22:57:01,560 - DEBUG - Adding button: Enter Custom IP
2025-01-16 22:57:01,560 - DEBUG - Adding button: Back to Main Menu
2025-01-16 22:57:05,375 - DEBUG - Button clicked: Enter Custom IP
2025-01-16 22:57:07,895 - INFO - ================================================================================
2025-01-16 22:57:07,895 - DEBUG - Executing command: arp -d
2025-01-16 22:57:07,895 - INFO - Executing command: arp -d
2025-01-16 22:57:07,962 - INFO - ARP cache cleared successfully.
2025-01-16 22:57:07,962 - INFO - ================================================================================
2025-01-16 22:57:26,044 - DEBUG - Button clicked: Enter Custom IP
2025-01-16 22:57:26,207 - DEBUG - Button clicked: Enter Custom IP
2025-01-16 22:57:26,359 - DEBUG - Button clicked: Enter Custom IP
2025-01-16 22:57:26,503 - DEBUG - Button clicked: Enter Custom IP
2025-01-16 22:57:40,551 - DEBUG - Button clicked: Enter Custom IP
2025-01-16 22:57:41,599 - INFO - ================================================================================
2025-01-16 22:57:41,599 - DEBUG - Executing command: arp -d
2025-01-16 22:57:41,599 - INFO - Executing command: arp -d
2025-01-16 22:57:41,675 - INFO - ARP cache cleared successfully.
2025-01-16 22:57:41,676 - INFO - ================================================================================
