2025-01-16 20:56:33,155 - DEBUG - Showing main menu
2025-01-16 20:56:33,155 - DEBUG - Showing submenu: main_menu
2025-01-16 20:56:33,155 - DEBUG - Clearing buttons
2025-01-16 20:56:33,156 - DEBUG - Adding buttons: [{'text': 'Flush DNS Cache', 'description': 'Flushes the DNS cache to resolve DNS-related issues.', 'command': 'ipconfig /flushdns', 'success_message': 'DNS cache flushed successfully.'}, {'text': 'Clear ARP Cache', 'description': 'Clears the ARP cache to resolve ARP-related issues.', 'command': 'arp -d', 'success_message': 'ARP cache cleared successfully.'}, {'text': 'Test Connectivity', 'description': 'Tests network connectivity by pinging common DNS servers.', 'submenu': 'test_connectivity'}, {'text': 'Display DNS Cache', 'description': 'Displays the current DNS cache entries.', 'command': 'ipconfig /displaydns', 'success_message': 'DNS cache displayed.'}, {'text': 'Reset Network Settings', 'description': 'Resets network settings to default.', 'command': 'netsh int ip reset', 'success_message': 'Network settings reset successfully.'}, {'text': 'Release and Renew IP Address', 'description': 'Releases and renews the IP address.', 'command': 'ipconfig /release && ipconfig /renew', 'success_message': 'IP address released and renewed.'}, {'text': 'Check Network Adapter Status', 'description': 'Displays the status of network adapters.', 'command': 'netsh interface show interface', 'success_message': 'Network adapter status displayed.'}, {'text': 'Reset Winsock', 'description': 'Resets Winsock settings. Requires a restart.', 'command': 'netsh winsock reset', 'success_message': 'Winsock reset successfully. Please restart your computer for changes to take effect.'}, {'text': 'Reset TCP/IP Stack (IPv4)', 'description': 'Resets the IPv4 TCP/IP stack. Requires a restart.', 'command': 'netsh int ip reset', 'success_message': 'IPv4 TCP/IP stack reset successfully. Please restart your computer for changes to take effect.'}, {'text': 'Reset TCP/IP Stack (IPv6)', 'description': 'Resets the IPv6 TCP/IP stack. Requires a restart.', 'command': 'netsh int ipv6 reset', 'success_message': 'IPv6 TCP/IP stack reset successfully. Please restart your computer for changes to take effect.'}, {'text': 'Restart DHCP and DNS Client Services', 'description': 'Restarts DHCP and DNS Client services.', 'command': 'net stop dhcp && net start dhcp && net stop dnscache && net start dnscache', 'success_message': 'DHCP and DNS Client services restarted.'}, {'text': 'Restart Network Adapters', 'description': 'Restarts network adapters.', 'command': 'for /f "tokens=*" %%A in (\'netsh interface show interface ^| findstr /C:"Enabled"\') do (netsh interface set interface name="%%A" admin=disable && timeout /t 2 >nul && netsh interface set interface name="%%A" admin=enable)', 'success_message': 'Network adapters restarted.'}, {'text': 'Display Network Configuration', 'description': 'Displays the current network configuration.', 'command': 'ipconfig /all', 'success_message': 'Network configuration displayed.'}, {'text': 'Check for Network Driver Updates', 'description': 'Checks for updates to network drivers.', 'command': 'wmic path win32_pnpentity where "DeviceID like \'%%PCI%%\'" get DeviceID, Name, Manufacturer, DriverVersion', 'success_message': 'Network driver updates check completed.'}, {'text': 'Help', 'submenu': 'help_menu'}, {'text': 'Flush DNS, Clear ARP, and Test Connectivity', 'description': 'Flushes DNS, clears ARP, and tests connectivity.', 'commands': [{'command': 'ipconfig /flushdns', 'success_message': 'DNS cache flushed successfully.'}, {'command': 'arp -d', 'success_message': 'ARP cache cleared successfully.'}, {'command': 'ping 8.8.8.8 -n 4', 'success_message': 'Ping to Google DNS complete.'}]}]
2025-01-16 20:56:33,158 - DEBUG - Adding button: Flush DNS Cache
2025-01-16 20:56:33,158 - DEBUG - Adding button: Clear ARP Cache
2025-01-16 20:56:33,158 - DEBUG - Adding button: Test Connectivity
2025-01-16 20:56:33,158 - DEBUG - Adding button: Display DNS Cache
2025-01-16 20:56:33,159 - DEBUG - Adding button: Reset Network Settings
2025-01-16 20:56:33,159 - DEBUG - Adding button: Release and Renew IP Address
2025-01-16 20:56:33,159 - DEBUG - Adding button: Check Network Adapter Status
2025-01-16 20:56:33,159 - DEBUG - Adding button: Reset Winsock
2025-01-16 20:56:33,159 - DEBUG - Adding button: Reset TCP/IP Stack (IPv4)
2025-01-16 20:56:33,160 - DEBUG - Adding button: Reset TCP/IP Stack (IPv6)
2025-01-16 20:56:33,160 - DEBUG - Adding button: Restart DHCP and DNS Client Services
2025-01-16 20:56:33,160 - DEBUG - Adding button: Restart Network Adapters
2025-01-16 20:56:33,160 - DEBUG - Adding button: Display Network Configuration
2025-01-16 20:56:33,160 - DEBUG - Adding button: Check for Network Driver Updates
2025-01-16 20:56:33,160 - DEBUG - Adding button: Help
2025-01-16 20:56:33,161 - DEBUG - Adding button: Flush DNS, Clear ARP, and Test Connectivity
