2025-01-16 17:05:19,496 - DEBUG - Executing command: ipconfig /flushdns
2025-01-16 17:05:19,497 - INFO - Executing command: ipconfig /flushdns
2025-01-16 17:05:19,586 - INFO - 

2025-01-16 17:05:19,586 - INFO - Windows IP Configuration

2025-01-16 17:05:19,587 - INFO - 

2025-01-16 17:05:19,587 - INFO - Successfully flushed the DNS Resolver Cache.

2025-01-16 17:05:19,593 - INFO - DNS cache flushed successfully.
2025-01-16 17:05:22,344 - DEBUG - Executing command: arp -d
2025-01-16 17:05:22,344 - INFO - Executing command: arp -d
2025-01-16 17:05:22,422 - INFO - ARP cache cleared successfully.
2025-01-16 17:05:25,879 - DEBUG - Executing command: wmic path win32_pnpentity where "DeviceID like '%%PCI%%'" get DeviceID, Name, Manufacturer, DriverVersion
2025-01-16 17:05:25,880 - INFO - Executing command: wmic path win32_pnpentity where "DeviceID like '%%PCI%%'" get DeviceID, Name, Manufacturer, DriverVersion
2025-01-16 17:05:26,000 - INFO - 

2025-01-16 17:05:26,000 - INFO - 

2025-01-16 17:05:26,000 - INFO - 

2025-01-16 17:05:26,000 - INFO - 

2025-01-16 17:05:26,006 - INFO - Command failed with error:
Node - DESKTOP-NRVEPHN

ERROR:

Description = Invalid query


2025-01-16 17:05:26,006 - ERROR - Command failed with error:
Node - DESKTOP-NRVEPHN

ERROR:

Description = Invalid query


2025-01-16 17:05:29,927 - DEBUG - Executing command: ipconfig /all
2025-01-16 17:05:29,927 - INFO - Executing command: ipconfig /all
2025-01-16 17:05:29,992 - INFO - 

2025-01-16 17:05:29,992 - INFO - Windows IP Configuration

2025-01-16 17:05:29,992 - INFO - 

2025-01-16 17:05:29,992 - INFO -    Host Name . . . . . . . . . . . . : DESKTOP-NRVEPHN

2025-01-16 17:05:29,992 - INFO -    Primary Dns Suffix  . . . . . . . : 

2025-01-16 17:05:29,998 - INFO -    Node Type . . . . . . . . . . . . : Hybrid

2025-01-16 17:05:29,998 - INFO -    IP Routing Enabled. . . . . . . . : No

2025-01-16 17:05:29,998 - INFO -    WINS Proxy Enabled. . . . . . . . : No

2025-01-16 17:05:30,001 - INFO - 

2025-01-16 17:05:30,001 - INFO - Ethernet adapter vEthernet (Ethernet):

2025-01-16 17:05:30,002 - INFO - 

2025-01-16 17:05:30,002 - INFO -    Connection-specific DNS Suffix  . : 

2025-01-16 17:05:30,003 - INFO -    Description . . . . . . . . . . . : Hyper-V Virtual Ethernet Adapter

2025-01-16 17:05:30,005 - INFO -    Physical Address. . . . . . . . . : 00-15-5D-FD-B1-66

2025-01-16 17:05:30,005 - INFO -    DHCP Enabled. . . . . . . . . . . : No

2025-01-16 17:05:30,006 - INFO -    Autoconfiguration Enabled . . . . : Yes

2025-01-16 17:05:30,006 - INFO -    Link-local IPv6 Address . . . . . : fe80::a412:8cbc:57bb:5b81%17(Preferred) 

2025-01-16 17:05:30,007 - INFO -    Autoconfiguration IPv4 Address. . : 169.254.72.108(Preferred) 

2025-01-16 17:05:30,007 - INFO -    Subnet Mask . . . . . . . . . . . : 255.255.0.0

2025-01-16 17:05:30,008 - INFO -    Default Gateway . . . . . . . . . : 

2025-01-16 17:05:30,008 - INFO -    DHCPv6 IAID . . . . . . . . . . . : 285218141

2025-01-16 17:05:30,009 - INFO -    DHCPv6 Client DUID. . . . . . . . : 00-01-00-01-2B-C0-74-8D-08-8F-C3-03-BE-8A

2025-01-16 17:05:30,009 - INFO -    DNS Servers . . . . . . . . . . . : fec0:0:0:ffff::1%1

2025-01-16 17:05:30,010 - INFO -                                        fec0:0:0:ffff::2%1

2025-01-16 17:05:30,010 - INFO -                                        fec0:0:0:ffff::3%1

2025-01-16 17:05:30,011 - INFO -    NetBIOS over Tcpip. . . . . . . . : Enabled

2025-01-16 17:05:30,011 - INFO - 

2025-01-16 17:05:30,011 - INFO - Ethernet adapter vEthernet (Default Switch):

2025-01-16 17:05:30,012 - INFO - 

2025-01-16 17:05:30,012 - INFO -    Connection-specific DNS Suffix  . : 

2025-01-16 17:05:30,013 - INFO -    Description . . . . . . . . . . . : Hyper-V Virtual Ethernet Adapter #2

2025-01-16 17:05:30,013 - INFO -    Physical Address. . . . . . . . . : 00-15-5D-9E-7F-C6

2025-01-16 17:05:30,014 - INFO -    DHCP Enabled. . . . . . . . . . . : No

2025-01-16 17:05:30,015 - INFO -    Autoconfiguration Enabled . . . . : Yes

2025-01-16 17:05:30,016 - INFO -    Link-local IPv6 Address . . . . . : fe80::fe95:3ddc:244:faf0%25(Preferred) 

2025-01-16 17:05:30,016 - INFO -    Autoconfiguration IPv4 Address. . : 169.254.248.171(Preferred) 

2025-01-16 17:05:30,017 - INFO -    Subnet Mask . . . . . . . . . . . : 255.255.0.0

2025-01-16 17:05:30,017 - INFO -    Default Gateway . . . . . . . . . : 

2025-01-16 17:05:30,018 - INFO -    DHCPv6 IAID . . . . . . . . . . . : 419435869

2025-01-16 17:05:30,018 - INFO -    DHCPv6 Client DUID. . . . . . . . : 00-01-00-01-2B-C0-74-8D-08-8F-C3-03-BE-8A

2025-01-16 17:05:30,019 - INFO -    DNS Servers . . . . . . . . . . . : fec0:0:0:ffff::1%1

2025-01-16 17:05:30,019 - INFO -                                        fec0:0:0:ffff::2%1

2025-01-16 17:05:30,020 - INFO -                                        fec0:0:0:ffff::3%1

2025-01-16 17:05:30,020 - INFO -    NetBIOS over Tcpip. . . . . . . . : Enabled

2025-01-16 17:05:30,021 - INFO - 

2025-01-16 17:05:30,021 - INFO - Ethernet adapter Ethernet:

2025-01-16 17:05:30,022 - INFO - 

2025-01-16 17:05:30,022 - INFO -    Connection-specific DNS Suffix  . : 

2025-01-16 17:05:30,022 - INFO -    Description . . . . . . . . . . . : Killer E2600 Gigabit Ethernet Controller

2025-01-16 17:05:30,023 - INFO -    Physical Address. . . . . . . . . : 08-8F-C3-03-BE-8A

2025-01-16 17:05:30,023 - INFO -    DHCP Enabled. . . . . . . . . . . : Yes

2025-01-16 17:05:30,024 - INFO -    Autoconfiguration Enabled . . . . : Yes

2025-01-16 17:05:30,024 - INFO -    IPv6 Address. . . . . . . . . . . : 2407:d000:b:aef1:eee9:529:26e3:4f14(Preferred) 

2025-01-16 17:05:30,025 - INFO -    Temporary IPv6 Address. . . . . . : 2407:d000:b:aef1:559a:7ed5:1ce9:1f6d(Preferred) 

2025-01-16 17:05:30,025 - INFO -    Link-local IPv6 Address . . . . . : fe80::3e26:40a:1668:a2b1%11(Preferred) 

2025-01-16 17:05:30,026 - INFO -    IPv4 Address. . . . . . . . . . . : 192.168.18.232(Preferred) 

2025-01-16 17:05:30,026 - INFO -    Subnet Mask . . . . . . . . . . . : 255.255.255.0

2025-01-16 17:05:30,027 - INFO -    Lease Obtained. . . . . . . . . . : Thursday, January 16, 2025 4:53:24 PM

2025-01-16 17:05:30,027 - INFO -    Lease Expires . . . . . . . . . . : Thursday, January 16, 2025 5:53:28 PM

2025-01-16 17:05:30,028 - INFO -    Default Gateway . . . . . . . . . : fe80::1%11

2025-01-16 17:05:30,028 - INFO -                                        192.168.18.1

2025-01-16 17:05:30,029 - INFO -    DHCP Server . . . . . . . . . . . : 192.168.18.1

2025-01-16 17:05:30,029 - INFO -    DHCPv6 IAID . . . . . . . . . . . : 252219331

2025-01-16 17:05:30,030 - INFO -    DHCPv6 Client DUID. . . . . . . . : 00-01-00-01-2B-C0-74-8D-08-8F-C3-03-BE-8A

2025-01-16 17:05:30,032 - INFO -    DNS Servers . . . . . . . . . . . : ::ffff:127.0.2.2

2025-01-16 17:05:30,032 - INFO -                                        ::ffff:127.0.2.3

2025-01-16 17:05:30,033 - INFO -                                        127.0.2.2

2025-01-16 17:05:30,033 - INFO -                                        127.0.2.3

2025-01-16 17:05:30,034 - INFO -    NetBIOS over Tcpip. . . . . . . . : Enabled

2025-01-16 17:05:30,034 - INFO - Network configuration displayed.
2025-01-16 17:05:33,000 - DEBUG - Executing command: for /f "tokens=*" %%A in ('netsh interface show interface ^| findstr /C:"Enabled"') do (netsh interface set interface name="%%A" admin=disable && timeout /t 2 >nul && netsh interface set interface name="%%A" admin=enable)
2025-01-16 17:05:33,001 - INFO - Executing command: for /f "tokens=*" %%A in ('netsh interface show interface ^| findstr /C:"Enabled"') do (netsh interface set interface name="%%A" admin=disable && timeout /t 2 >nul && netsh interface set interface name="%%A" admin=enable)
2025-01-16 17:05:33,055 - INFO - Command failed with error:
%%A was unexpected at this time.

2025-01-16 17:05:33,055 - ERROR - Command failed with error:
%%A was unexpected at this time.

