Logging started at 2025-01-17-05-37-26 
 
============================================================ 
Choice number chosen: 1 
============================================================ 
 
============================================================ 
Command: "ipconfig" "/flushdns" 
Description: "Flushes and resets the contents of the DNS client resolver cache." 
============================================================ 
 
 
 
============================================================ 
Running command: "ipconfig" "/flushdns" 
============================================================ 
 

Windows IP Configuration

Successfully flushed the DNS Resolver Cache.
 
============================================================ 
End of execution. 
============================================================ 
 
 
============================================================ 
Choice number chosen: 2 
============================================================ 
 
============================================================ 
Command: "ipconfig" "/displaydns" 
Description: "Displays the contents of the DNS client resolver cache." 
============================================================ 
 
 
 
============================================================ 
Running command: "ipconfig" "/displaydns" 
============================================================ 
 

Windows IP Configuration

    108.111.69.172.in-addr.arpa
    ----------------------------------------
    Name does not exist.


    1.80.28.172.in-addr.arpa
    ----------------------------------------
    Record Name . . . . . : 1.80.28.172.in-addr.arpa.
    Record Type . . . . . : 12
    Time To Live  . . . . : 458370
    Data Length . . . . . : 8
    Section . . . . . . . : Answer
    PTR Record  . . . . . : DESKTOP-NRVEPHN.mshome.net


    time.cloudflare.com
    ----------------------------------------
    Record Name . . . . . : time.cloudflare.com
    Record Type . . . . . : 28
    Time To Live  . . . . : 74
    Data Length . . . . . : 16
    Section . . . . . . . : Answer
    AAAA Record . . . . . : 2606:4700:f1::1


    Record Name . . . . . : time.cloudflare.com
    Record Type . . . . . : 28
    Time To Live  . . . . : 74
    Data Length . . . . . : 16
    Section . . . . . . . : Answer
    AAAA Record . . . . . : 2606:4700:f1::123


    time.cloudflare.com
    ----------------------------------------
    Record Name . . . . . : time.cloudflare.com
    Record Type . . . . . : 1
    Time To Live  . . . . : 190
    Data Length . . . . . : 4
    Section . . . . . . . : Answer
    A (Host) Record . . . : 162.159.200.1


    Record Name . . . . . : time.cloudflare.com
    Record Type . . . . . : 1
    Time To Live  . . . . : 190
    Data Length . . . . . : 4
    Section . . . . . . . : Answer
    A (Host) Record . . . : 162.159.200.123


    1.48.20.172.in-addr.arpa
    ----------------------------------------
    Record Name . . . . . : 1.48.20.172.in-addr.arpa.
    Record Type . . . . . : 12
    Time To Live  . . . . : 458370
    Data Length . . . . . : 8
    Section . . . . . . . : Answer
    PTR Record  . . . . . : DESKTOP-NRVEPHN.mshome.net


    desktop-nrvephn.mshome.net
    ----------------------------------------
    No records of type AAAA


    desktop-nrvephn.mshome.net
    ----------------------------------------
    Record Name . . . . . : DESKTOP-NRVEPHN.mshome.net
    Record Type . . . . . : 1
    Time To Live  . . . . : 458370
    Data Length . . . . . : 4
    Section . . . . . . . : Answer
    A (Host) Record . . . : 172.28.80.1


    Record Name . . . . . : DESKTOP-NRVEPHN.mshome.net
    Record Type . . . . . : 1
    Time To Live  . . . . : 458370
    Data Length . . . . . : 4
    Section . . . . . . . : Answer
    A (Host) Record . . . : 172.20.48.1


 
============================================================ 
End of execution. 
============================================================ 
 
 
============================================================ 
Choice number chosen: 3 
============================================================ 
 
============================================================ 
Command: "arp" "-a" 
Description: "Displays the ARP cache." 
============================================================ 
 
 
 
============================================================ 
Running command: "arp" "-a" 
============================================================ 
 

Interface: 192.168.18.232 --- 0xb
  Internet Address      Physical Address      Type
  192.168.18.1          f0-63-f9-eb-a3-f8     dynamic   
  192.168.18.9          00-f4-8d-a3-f9-0b     dynamic   
  192.168.18.62         e4-b3-18-7c-73-c9     dynamic   
  192.168.18.86         4a-e5-41-c0-c9-9d     dynamic   
  192.168.18.255        ff-ff-ff-ff-ff-ff     static    
  224.0.0.2             01-00-5e-00-00-02     static    
  224.0.0.22            01-00-5e-00-00-16     static    
  224.0.0.251           01-00-5e-00-00-fb     static    
  224.0.0.252           01-00-5e-00-00-fc     static    
  224.0.2.60            01-00-5e-00-02-3c     static    
  239.255.102.18        01-00-5e-7f-66-12     static    
  239.255.255.250       01-00-5e-7f-ff-fa     static    
  255.255.255.255       ff-ff-ff-ff-ff-ff     static    

Interface: 169.254.72.108 --- 0x11
  Internet Address      Physical Address      Type
  169.254.255.255       ff-ff-ff-ff-ff-ff     static    
  224.0.0.2             01-00-5e-00-00-02     static    
  224.0.0.22            01-00-5e-00-00-16     static    
  224.0.0.251           01-00-5e-00-00-fb     static    
  224.0.2.60            01-00-5e-00-02-3c     static    
  239.255.102.18        01-00-5e-7f-66-12     static    
  239.255.255.250       01-00-5e-7f-ff-fa     static    

Interface: 169.254.248.171 --- 0x19
  Internet Address      Physical Address      Type
  169.254.255.255       ff-ff-ff-ff-ff-ff     static    
  224.0.0.2             01-00-5e-00-00-02     static    
  224.0.0.22            01-00-5e-00-00-16     static    
  224.0.0.251           01-00-5e-00-00-fb     static    
  224.0.2.60            01-00-5e-00-02-3c     static    
  239.255.102.18        01-00-5e-7f-66-12     static    
  239.255.255.250       01-00-5e-7f-ff-fa     static    
 
============================================================ 
End of execution. 
============================================================ 
 
 
============================================================ 
Choice number chosen: 4 
============================================================ 
 
============================================================ 
Command: "netsh" "interface show interface" 
Description: "Displays the status of network adapters." 
============================================================ 
 
 
 
============================================================ 
Running command: "netsh" "interface show interface" 
============================================================ 
 

Admin State    State          Type             Interface Name
-------------------------------------------------------------------------
Disabled       Disconnected   Dedicated        VMware Network Adapter VMnet1
Disabled       Disconnected   Dedicated        VMware Network Adapter VMnet8
Enabled        Connected      Dedicated        Ethernet
Disabled       Disconnected   Dedicated        Wi-Fi
Enabled        Connected      Dedicated        vEthernet (Ethernet)
Enabled        Connected      Dedicated        vEthernet (Default Switch)

 
============================================================ 
End of execution. 
============================================================ 
 
 
============================================================ 
Choice number chosen: 5 
============================================================ 
 
============================================================ 
Command: "ipconfig" "/all" 
Description: "Displays the current network configuration." 
============================================================ 
 
 
 
============================================================ 
Running command: "ipconfig" "/all" 
============================================================ 
 

Windows IP Configuration

   Host Name . . . . . . . . . . . . : DESKTOP-NRVEPHN
   Primary Dns Suffix  . . . . . . . : 
   Node Type . . . . . . . . . . . . : Hybrid
   IP Routing Enabled. . . . . . . . : No
   WINS Proxy Enabled. . . . . . . . : No

Ethernet adapter vEthernet (Ethernet):

   Connection-specific DNS Suffix  . : 
   Description . . . . . . . . . . . : Hyper-V Virtual Ethernet Adapter
   Physical Address. . . . . . . . . : 00-15-5D-FD-B1-66
   DHCP Enabled. . . . . . . . . . . : No
   Autoconfiguration Enabled . . . . : Yes
   Link-local IPv6 Address . . . . . : fe80::a412:8cbc:57bb:5b81%17(Preferred) 
   Autoconfiguration IPv4 Address. . : 169.254.72.108(Preferred) 
   Subnet Mask . . . . . . . . . . . : 255.255.0.0
   Default Gateway . . . . . . . . . : 
   DHCPv6 IAID . . . . . . . . . . . : 285218141
   DHCPv6 Client DUID. . . . . . . . : 00-01-00-01-2B-C0-74-8D-08-8F-C3-03-BE-8A
   DNS Servers . . . . . . . . . . . : fec0:0:0:ffff::1%1
                                       fec0:0:0:ffff::2%1
                                       fec0:0:0:ffff::3%1
   NetBIOS over Tcpip. . . . . . . . : Enabled

Ethernet adapter vEthernet (Default Switch):

   Connection-specific DNS Suffix  . : 
   Description . . . . . . . . . . . : Hyper-V Virtual Ethernet Adapter #2
   Physical Address. . . . . . . . . : 00-15-5D-9E-7F-C6
   DHCP Enabled. . . . . . . . . . . : No
   Autoconfiguration Enabled . . . . : Yes
   Link-local IPv6 Address . . . . . : fe80::fe95:3ddc:244:faf0%25(Preferred) 
   Autoconfiguration IPv4 Address. . : 169.254.248.171(Preferred) 
   Subnet Mask . . . . . . . . . . . : 255.255.0.0
   Default Gateway . . . . . . . . . : 
   DHCPv6 IAID . . . . . . . . . . . : 419435869
   DHCPv6 Client DUID. . . . . . . . : 00-01-00-01-2B-C0-74-8D-08-8F-C3-03-BE-8A
   DNS Servers . . . . . . . . . . . : fec0:0:0:ffff::1%1
                                       fec0:0:0:ffff::2%1
                                       fec0:0:0:ffff::3%1
   NetBIOS over Tcpip. . . . . . . . : Enabled

Ethernet adapter Ethernet:

   Connection-specific DNS Suffix  . : 
   Description . . . . . . . . . . . : Killer E2600 Gigabit Ethernet Controller
   Physical Address. . . . . . . . . : 08-8F-C3-03-BE-8A
   DHCP Enabled. . . . . . . . . . . : Yes
   Autoconfiguration Enabled . . . . : Yes
   IPv6 Address. . . . . . . . . . . : 2407:d000:b:aef1:eee9:529:26e3:4f14(Preferred) 
   Temporary IPv6 Address. . . . . . : 2407:d000:b:aef1:559a:7ed5:1ce9:1f6d(Deprecated) 
   Temporary IPv6 Address. . . . . . : 2407:d000:b:aef1:e456:56c9:2f2f:3621(Preferred) 
   Link-local IPv6 Address . . . . . : fe80::3e26:40a:1668:a2b1%11(Preferred) 
   IPv4 Address. . . . . . . . . . . : 192.168.18.232(Preferred) 
   Subnet Mask . . . . . . . . . . . : 255.255.255.0
   Lease Obtained. . . . . . . . . . : Friday, January 17, 2025 3:19:22 AM
   Lease Expires . . . . . . . . . . : Friday, January 17, 2025 6:19:25 AM
   Default Gateway . . . . . . . . . : fe80::1%11
                                       192.168.18.1
   DHCP Server . . . . . . . . . . . : 192.168.18.1
   DHCPv6 IAID . . . . . . . . . . . : 252219331
   DHCPv6 Client DUID. . . . . . . . : 00-01-00-01-2B-C0-74-8D-08-8F-C3-03-BE-8A
   DNS Servers . . . . . . . . . . . : ::ffff:127.0.2.2
                                       ::ffff:127.0.2.3
                                       127.0.2.2
                                       127.0.2.3
   NetBIOS over Tcpip. . . . . . . . : Enabled
 
============================================================ 
End of execution. 
============================================================ 
 
 
============================================================ 
Choice number chosen: 6 
============================================================ 
 
============================================================ 
Command: "ping" "www.google.com" 
Description: "Pings the specified IP or domain." 
============================================================ 
 
 
 
============================================================ 
Running command: "ping" "www.google.com" 
============================================================ 
 

Pinging www.google.com [2404:6800:4009:803::2004] with 32 bytes of data:
Reply from 2404:6800:4009:803::2004: time=324ms 
Reply from 2404:6800:4009:803::2004: time=324ms 
Reply from 2404:6800:4009:803::2004: time=323ms 
Reply from 2404:6800:4009:803::2004: time=323ms 

Ping statistics for 2404:6800:4009:803::2004:
    Packets: Sent = 4, Received = 4, Lost = 0 (0% loss),
Approximate round trip times in milli-seconds:
    Minimum = 323ms, Maximum = 324ms, Average = 323ms
 
============================================================ 
End of execution. 
============================================================ 
 
 
============================================================ 
Command: "ping" "1.1.1.1" 
Description: "Pings the specified IP or domain." 
============================================================ 
 
 
 
============================================================ 
Running command: "ping" "1.1.1.1" 
============================================================ 
 

Pinging 1.1.1.1 with 32 bytes of data:
Reply from 1.1.1.1: bytes=32 time=22ms TTL=54
Reply from 1.1.1.1: bytes=32 time=22ms TTL=54
Reply from 1.1.1.1: bytes=32 time=22ms TTL=54
Reply from 1.1.1.1: bytes=32 time=22ms TTL=54

Ping statistics for 1.1.1.1:
    Packets: Sent = 4, Received = 4, Lost = 0 (0% loss),
Approximate round trip times in milli-seconds:
    Minimum = 22ms, Maximum = 22ms, Average = 22ms
 
============================================================ 
End of execution. 
============================================================ 
 
 
============================================================ 
Choice number chosen: 7 
============================================================ 
 
============================================================ 
Command: "ipconfig" "/release" 
Description: "Releases the IP address." 
============================================================ 
 
 
 
============================================================ 
Running command: "ipconfig" "/release" 
============================================================ 
 

Windows IP Configuration


Ethernet adapter vEthernet (Ethernet):

   Connection-specific DNS Suffix  . : 
   Link-local IPv6 Address . . . . . : fe80::a412:8cbc:57bb:5b81%17
   Autoconfiguration IPv4 Address. . : 169.254.72.108
   Subnet Mask . . . . . . . . . . . : 255.255.0.0
   Default Gateway . . . . . . . . . : 

Ethernet adapter vEthernet (Default Switch):

   Connection-specific DNS Suffix  . : 
   Link-local IPv6 Address . . . . . : fe80::fe95:3ddc:244:faf0%25
   Autoconfiguration IPv4 Address. . : 169.254.248.171
   Subnet Mask . . . . . . . . . . . : 255.255.0.0
   Default Gateway . . . . . . . . . : 

Ethernet adapter Ethernet:

   Connection-specific DNS Suffix  . : 
   IPv6 Address. . . . . . . . . . . : 2407:d000:b:aef1:eee9:529:26e3:4f14
   Temporary IPv6 Address. . . . . . : 2407:d000:b:aef1:559a:7ed5:1ce9:1f6d
   Temporary IPv6 Address. . . . . . : 2407:d000:b:aef1:e456:56c9:2f2f:3621
   Link-local IPv6 Address . . . . . : fe80::3e26:40a:1668:a2b1%11
   Default Gateway . . . . . . . . . : fe80::1%11
 
============================================================ 
End of execution. 
============================================================ 
 
 
============================================================ 
Command: "ipconfig" "/renew" 
Description: "Renews the IP address." 
============================================================ 
 
 
 
============================================================ 
Running command: "ipconfig" "/renew" 
============================================================ 
 

Windows IP Configuration


Ethernet adapter vEthernet (Ethernet):

   Connection-specific DNS Suffix  . : 
   Link-local IPv6 Address . . . . . : fe80::a412:8cbc:57bb:5b81%17
   Autoconfiguration IPv4 Address. . : 169.254.72.108
   Subnet Mask . . . . . . . . . . . : 255.255.0.0
   Default Gateway . . . . . . . . . : 

Ethernet adapter vEthernet (Default Switch):

   Connection-specific DNS Suffix  . : 
   Link-local IPv6 Address . . . . . : fe80::fe95:3ddc:244:faf0%25
   Autoconfiguration IPv4 Address. . : 169.254.248.171
   Subnet Mask . . . . . . . . . . . : 255.255.0.0
   Default Gateway . . . . . . . . . : 

Ethernet adapter Ethernet:

   Connection-specific DNS Suffix  . : 
   IPv6 Address. . . . . . . . . . . : 2407:d000:b:aef1:eee9:529:26e3:4f14
   Temporary IPv6 Address. . . . . . : 2407:d000:b:aef1:559a:7ed5:1ce9:1f6d
   Temporary IPv6 Address. . . . . . : 2407:d000:b:aef1:e456:56c9:2f2f:3621
   Link-local IPv6 Address . . . . . : fe80::3e26:40a:1668:a2b1%11
   IPv4 Address. . . . . . . . . . . : 192.168.18.232
   Subnet Mask . . . . . . . . . . . : 255.255.255.0
   Default Gateway . . . . . . . . . : fe80::1%11
                                       192.168.18.1
 
============================================================ 
End of execution. 
============================================================ 
 
 
============================================================ 
Choice number chosen: 7 
============================================================ 
 
============================================================ 
Command: "ipconfig" "/release" 
Description: "Releases the IP address." 
============================================================ 
 
 
 
============================================================ 
Running command: "ipconfig" "/release" 
============================================================ 
 

Windows IP Configuration


Ethernet adapter vEthernet (Ethernet):

   Connection-specific DNS Suffix  . : 
   Link-local IPv6 Address . . . . . : fe80::a412:8cbc:57bb:5b81%17
   Autoconfiguration IPv4 Address. . : 169.254.72.108
   Subnet Mask . . . . . . . . . . . : 255.255.0.0
   Default Gateway . . . . . . . . . : 

Ethernet adapter vEthernet (Default Switch):

   Connection-specific DNS Suffix  . : 
   Link-local IPv6 Address . . . . . : fe80::fe95:3ddc:244:faf0%25
   Autoconfiguration IPv4 Address. . : 169.254.248.171
   Subnet Mask . . . . . . . . . . . : 255.255.0.0
   Default Gateway . . . . . . . . . : 

Ethernet adapter Ethernet:

   Connection-specific DNS Suffix  . : 
   IPv6 Address. . . . . . . . . . . : 2407:d000:b:aef1:eee9:529:26e3:4f14
   Temporary IPv6 Address. . . . . . : 2407:d000:b:aef1:559a:7ed5:1ce9:1f6d
   Temporary IPv6 Address. . . . . . : 2407:d000:b:aef1:e456:56c9:2f2f:3621
   Link-local IPv6 Address . . . . . : fe80::3e26:40a:1668:a2b1%11
   Default Gateway . . . . . . . . . : fe80::1%11
 
============================================================ 
End of execution. 
============================================================ 
 
 
============================================================ 
Command: "ipconfig" "/renew" 
Description: "Renews the IP address." 
============================================================ 
 
 
 
============================================================ 
Running command: "ipconfig" "/renew" 
============================================================ 
 

Windows IP Configuration


Ethernet adapter vEthernet (Ethernet):

   Connection-specific DNS Suffix  . : 
   Link-local IPv6 Address . . . . . : fe80::a412:8cbc:57bb:5b81%17
   Autoconfiguration IPv4 Address. . : 169.254.72.108
   Subnet Mask . . . . . . . . . . . : 255.255.0.0
   Default Gateway . . . . . . . . . : 

Ethernet adapter vEthernet (Default Switch):

   Connection-specific DNS Suffix  . : 
   Link-local IPv6 Address . . . . . : fe80::fe95:3ddc:244:faf0%25
   Autoconfiguration IPv4 Address. . : 169.254.248.171
   Subnet Mask . . . . . . . . . . . : 255.255.0.0
   Default Gateway . . . . . . . . . : 

Ethernet adapter Ethernet:

   Connection-specific DNS Suffix  . : 
   IPv6 Address. . . . . . . . . . . : 2407:d000:b:aef1:eee9:529:26e3:4f14
   Temporary IPv6 Address. . . . . . : 2407:d000:b:aef1:559a:7ed5:1ce9:1f6d
   Temporary IPv6 Address. . . . . . : 2407:d000:b:aef1:e456:56c9:2f2f:3621
   Link-local IPv6 Address . . . . . : fe80::3e26:40a:1668:a2b1%11
   IPv4 Address. . . . . . . . . . . : 192.168.18.232
   Subnet Mask . . . . . . . . . . . : 255.255.255.0
   Default Gateway . . . . . . . . . : fe80::1%11
                                       192.168.18.1
 
============================================================ 
End of execution. 
============================================================ 
 
 
============================================================ 
Choice number chosen: 18 
============================================================ 
Logging ended at 17-Jan-25  5:41:33.40 
