Logging started at 2025-01-17-06-03-06 
 
============================================================ 
Choice number chosen: 1 
============================================================ 
 
============================================================ 
Command: "ipconfig" "/flushdns" 
Description: "Flushes and resets the contents of the DNS client resolver cache." 
============================================================ 
 
 
 
============================================================ 
Choice number chosen: 1 
============================================================ 
 
============================================================ 
Command: "ipconfig" "/flushdns" 
Description: "Flushes and resets the contents of the DNS client resolver cache." 
============================================================ 
 
 
 
============================================================ 
Choice number chosen: 1 
============================================================ 
 
============================================================ 
Command: "ipconfig" "/flushdns" 
Description: "Flushes and resets the contents of the DNS client resolver cache." 
============================================================ 
 
 
 
============================================================ 
Choice number chosen: 1 
============================================================ 
 
============================================================ 
Command: "ipconfig" "/flushdns" 
Description: "Flushes and resets the contents of the DNS client resolver cache." 
============================================================ 
 
 
 
============================================================ 
Choice number chosen: 1 
============================================================ 
 
============================================================ 
Command: "ipconfig" "/flushdns" 
Description: "Flushes and resets the contents of the DNS client resolver cache." 
============================================================ 
 
 
 
============================================================ 
Running command: "ipconfig" "/flushdns" 
============================================================ 
 

Windows IP Configuration

Successfully flushed the DNS Resolver Cache.
 
============================================================ 
End of execution. 
============================================================ 
 
 
============================================================ 
Choice number chosen: 1 
============================================================ 
 
============================================================ 
Command: "ipconfig" "/flushdns" 
Description: "Flushes and resets the contents of the DNS client resolver cache." 
============================================================ 
 
 
 
============================================================ 
Running command: "ipconfig" "/flushdns" 
============================================================ 
 

Windows IP Configuration

Successfully flushed the DNS Resolver Cache.
 
============================================================ 
End of execution. 
============================================================ 
 
