Logging started at 2025-01-17_02-43-31 
============================ 
Command: "ipconfig" "/flushdns" 
Description: "Flushes and resets the contents of the DNS client resolver cache." 
============================ 
============================ 
Running command: "ipconfig" "/flushdns" 
============================ 
=============== 
End of execution. 
=============== 
============================ 
Command: "ipconfig" "/flushdns" 
Description: "Flushes and resets the contents of the DNS client resolver cache." 
============================ 
============================ 
Running command: "ipconfig" "/flushdns" 
============================ 

Windows IP Configuration

Successfully flushed the DNS Resolver Cache.
=============== 
End of execution. 
=============== 
============================ 
Command: "arp" "-d *" 
Description: "Clears the ARP cache." 
============================ 
============================ 
Running command: "arp" "-d *" 
============================ 

Windows IP Configuration

Successfully flushed the DNS Resolver Cache.
arp : The ARP entry deletion failed: The requested operation requires elevation.
At line:1 char:5
+ & { arp -d * 2>&1 | Tee-Object -FilePath temp_log.txt -Append; Get-Co ...
+     ~~~~~~~~~~~~~
    + CategoryInfo          : NotSpecified: (The ARP entry d...ires elevation.:String) [], RemoteException
    + FullyQualifiedErrorId : NativeCommandError
 

=============== 
End of execution. 
=============== 
============================ 
Command: "ipconfig" "/flushdns" 
Description: "Flushes and resets the contents of the DNS client resolver cache." 
============================ 
============================ 
Running command: "ipconfig" "/flushdns" 
============================ 

Windows IP Configuration

Successfully flushed the DNS Resolver Cache.
arp : The ARP entry deletion failed: The requested operation requires elevation.
At line:1 char:5
+ & { arp -d * 2>&1 | Tee-Object -FilePath temp_log.txt -Append; Get-Co ...
+     ~~~~~~~~~~~~~
    + CategoryInfo          : NotSpecified: (The ARP entry d...ires elevation.:String) [], RemoteException
    + FullyQualifiedErrorId : NativeCommandError
 


Windows IP Configuration

Successfully flushed the DNS Resolver Cache.
=============== 
End of execution. 
=============== 
============================ 
Command: "arp" "-d *" 
Description: "Clears the ARP cache." 
============================ 
============================ 
Running command: "arp" "-d *" 
============================ 

Windows IP Configuration

Successfully flushed the DNS Resolver Cache.
arp : The ARP entry deletion failed: The requested operation requires elevation.
At line:1 char:5
+ & { arp -d * 2>&1 | Tee-Object -FilePath temp_log.txt -Append; Get-Co ...
+     ~~~~~~~~~~~~~
    + CategoryInfo          : NotSpecified: (The ARP entry d...ires elevation.:String) [], RemoteException
    + FullyQualifiedErrorId : NativeCommandError
 


Windows IP Configuration

Successfully flushed the DNS Resolver Cache.
arp : The ARP entry deletion failed: The requested operation requires elevation.
At line:1 char:5
+ & { arp -d * 2>&1 | Tee-Object -FilePath temp_log.txt -Append; Get-Co ...
+     ~~~~~~~~~~~~~
    + CategoryInfo          : NotSpecified: (The ARP entry d...ires elevation.:String) [], RemoteException
    + FullyQualifiedErrorId : NativeCommandError
 

=============== 
End of execution. 
=============== 
Logging ended at 17-Jan-25  2:47:00.75 
