2025-01-16 16:58:46,016 - DEBUG - Executing command: ipconfig /flushdns
2025-01-16 16:58:46,016 - INFO - Executing command: ipconfig /flushdns
2025-01-16 16:58:46,077 - INFO - 

2025-01-16 16:58:46,077 - INFO - Windows IP Configuration

2025-01-16 16:58:46,078 - INFO - 

2025-01-16 16:58:46,078 - INFO - Successfully flushed the DNS Resolver Cache.

2025-01-16 16:58:46,081 - INFO - DNS cache flushed successfully.
2025-01-16 16:58:46,888 - DEBUG - Executing command: arp -d
2025-01-16 16:58:46,888 - INFO - Executing command: arp -d
2025-01-16 16:58:46,960 - INFO - ARP cache cleared successfully.
2025-01-16 16:58:55,032 - DEBUG - Executing command: net stop dhcp && net start dhcp && net stop dnscache && net start dnscache
2025-01-16 16:58:55,032 - INFO - Executing command: net stop dhcp && net start dhcp && net stop dnscache && net start dnscache
2025-01-16 16:58:55,105 - INFO - The following services are dependent on the DHCP Client service.

2025-01-16 16:58:55,105 - INFO - Stopping the DHCP Client service will also stop these services.

2025-01-16 16:58:55,105 - INFO - 

2025-01-16 16:58:55,106 - INFO -    WinHTTP Web Proxy Auto-Discovery Service

2025-01-16 16:58:55,106 - INFO -    Network List Service

2025-01-16 16:58:55,106 - INFO -    Network Location Awareness

2025-01-16 16:58:55,106 - INFO - 

2025-01-16 16:58:55,106 - INFO - Do you want to continue this operation? (Y/N) [N]: 

2025-01-16 16:58:55,109 - INFO - Command failed with error:
No valid response was provided.

2025-01-16 16:58:55,109 - ERROR - Command failed with error:
No valid response was provided.

2025-01-16 16:58:59,815 - DEBUG - Executing command: netsh winsock reset
2025-01-16 16:58:59,816 - INFO - Executing command: netsh winsock reset
2025-01-16 16:58:59,959 - INFO - The requested operation requires elevation (Run as administrator).

2025-01-16 16:58:59,959 - INFO - 

2025-01-16 16:58:59,973 - INFO - Command failed with error:

2025-01-16 16:58:59,973 - ERROR - Command failed with error:

2025-01-16 16:59:01,511 - DEBUG - Executing command: netsh int ip reset
2025-01-16 16:59:01,512 - INFO - Executing command: netsh int ip reset
2025-01-16 16:59:01,617 - INFO - Resetting Compartment Forwarding, OK!

2025-01-16 16:59:01,617 - INFO - Resetting Compartment, OK!

2025-01-16 16:59:01,618 - INFO - Resetting Control Protocol, OK!

2025-01-16 16:59:01,618 - INFO - Resetting Echo Sequence Request, OK!

2025-01-16 16:59:01,618 - INFO - Resetting Global, OK!

2025-01-16 16:59:01,619 - INFO - Resetting Interface, failed.

2025-01-16 16:59:01,619 - INFO - The requested operation requires elevation (Run as administrator).

2025-01-16 16:59:01,620 - INFO - Resetting Anycast Address, OK!

2025-01-16 16:59:01,620 - INFO - Resetting Multicast Address, OK!

2025-01-16 16:59:01,621 - INFO - Resetting Unicast Address, OK!

2025-01-16 16:59:01,622 - INFO - Resetting Neighbor, OK!

2025-01-16 16:59:01,622 - INFO - Resetting Path, OK!

2025-01-16 16:59:01,623 - INFO - Resetting Potential, OK!

2025-01-16 16:59:01,624 - INFO - Resetting Prefix Policy, OK!

2025-01-16 16:59:01,625 - INFO - Resetting Proxy Neighbor, OK!

2025-01-16 16:59:01,625 - INFO - Resetting Route, OK!

2025-01-16 16:59:01,626 - INFO - Resetting Site Prefix, OK!

2025-01-16 16:59:01,626 - INFO - Resetting Subinterface, OK!

2025-01-16 16:59:01,627 - INFO - Resetting Wakeup Pattern, OK!

2025-01-16 16:59:01,628 - INFO - Resetting Resolve Neighbor, OK!

2025-01-16 16:59:01,629 - INFO - Resetting , OK!

2025-01-16 16:59:01,630 - INFO - Resetting , OK!

2025-01-16 16:59:01,630 - INFO - Resetting , OK!

2025-01-16 16:59:01,632 - INFO - Resetting , OK!

2025-01-16 16:59:01,633 - INFO - Resetting , failed.

2025-01-16 16:59:01,634 - INFO - The requested operation requires elevation (Run as administrator).

2025-01-16 16:59:01,634 - INFO - Resetting , OK!

2025-01-16 16:59:01,635 - INFO - Resetting , OK!

2025-01-16 16:59:01,635 - INFO - Resetting , OK!

2025-01-16 16:59:01,636 - INFO - Resetting , failed.

2025-01-16 16:59:01,636 - INFO - The requested operation requires elevation (Run as administrator).

2025-01-16 16:59:01,637 - INFO - Resetting , OK!

2025-01-16 16:59:01,637 - INFO - Resetting , OK!

2025-01-16 16:59:01,638 - INFO - Resetting , OK!

2025-01-16 16:59:01,638 - INFO - Resetting , OK!

2025-01-16 16:59:01,639 - INFO - Restart the computer to complete this action.

2025-01-16 16:59:01,640 - INFO - 

2025-01-16 16:59:01,640 - INFO - Command failed with error:

2025-01-16 16:59:01,640 - ERROR - Command failed with error:

2025-01-16 16:59:02,591 - DEBUG - Executing command: netsh int ipv6 reset
2025-01-16 16:59:02,592 - INFO - Executing command: netsh int ipv6 reset
2025-01-16 16:59:02,684 - INFO - Resetting Compartment Forwarding, OK!

2025-01-16 16:59:02,685 - INFO - Resetting Compartment, OK!

2025-01-16 16:59:02,685 - INFO - Resetting Control Protocol, OK!

2025-01-16 16:59:02,686 - INFO - Resetting Echo Sequence Request, OK!

2025-01-16 16:59:02,687 - INFO - Resetting Global, OK!

2025-01-16 16:59:02,687 - INFO - Resetting Interface, OK!

2025-01-16 16:59:02,688 - INFO - Resetting Anycast Address, OK!

2025-01-16 16:59:02,688 - INFO - Resetting Multicast Address, OK!

2025-01-16 16:59:02,689 - INFO - Resetting Unicast Address, OK!

2025-01-16 16:59:02,690 - INFO - Resetting Neighbor, OK!

2025-01-16 16:59:02,690 - INFO - Resetting Path, OK!

2025-01-16 16:59:02,691 - INFO - Resetting Potential, OK!

2025-01-16 16:59:02,691 - INFO - Resetting Prefix Policy, OK!

2025-01-16 16:59:02,692 - INFO - Resetting Proxy Neighbor, OK!

2025-01-16 16:59:02,693 - INFO - Resetting Route, OK!

2025-01-16 16:59:02,694 - INFO - Resetting Site Prefix, OK!

2025-01-16 16:59:02,695 - INFO - Resetting Subinterface, OK!

2025-01-16 16:59:02,695 - INFO - Resetting Wakeup Pattern, OK!

2025-01-16 16:59:02,697 - INFO - Resetting Resolve Neighbor, OK!

2025-01-16 16:59:02,698 - INFO - Resetting , OK!

2025-01-16 16:59:02,699 - INFO - Resetting , OK!

2025-01-16 16:59:02,699 - INFO - Resetting , OK!

2025-01-16 16:59:02,700 - INFO - Resetting , OK!

2025-01-16 16:59:02,701 - INFO - Resetting , failed.

2025-01-16 16:59:02,701 - INFO - The requested operation requires elevation (Run as administrator).

2025-01-16 16:59:02,702 - INFO - Resetting , OK!

2025-01-16 16:59:02,702 - INFO - Resetting , failed.

2025-01-16 16:59:02,703 - INFO - The requested operation requires elevation (Run as administrator).

2025-01-16 16:59:02,703 - INFO - Resetting , OK!

2025-01-16 16:59:02,704 - INFO - Resetting , failed.

2025-01-16 16:59:02,704 - INFO - The requested operation requires elevation (Run as administrator).

2025-01-16 16:59:02,705 - INFO - Resetting , OK!

2025-01-16 16:59:02,705 - INFO - Resetting , OK!

2025-01-16 16:59:02,706 - INFO - Resetting , OK!

2025-01-16 16:59:02,706 - INFO - Resetting , OK!

2025-01-16 16:59:02,707 - INFO - Restart the computer to complete this action.

2025-01-16 16:59:02,707 - INFO - 

2025-01-16 16:59:02,708 - INFO - Command failed with error:

2025-01-16 16:59:02,708 - ERROR - Command failed with error:

2025-01-16 16:59:04,143 - DEBUG - Executing command: net stop dhcp && net start dhcp && net stop dnscache && net start dnscache
2025-01-16 16:59:04,144 - INFO - Executing command: net stop dhcp && net start dhcp && net stop dnscache && net start dnscache
2025-01-16 16:59:04,212 - INFO - The following services are dependent on the DHCP Client service.

2025-01-16 16:59:04,213 - INFO - Stopping the DHCP Client service will also stop these services.

2025-01-16 16:59:04,213 - INFO - 

2025-01-16 16:59:04,214 - INFO -    WinHTTP Web Proxy Auto-Discovery Service

2025-01-16 16:59:04,214 - INFO -    Network List Service

2025-01-16 16:59:04,216 - INFO -    Network Location Awareness

2025-01-16 16:59:04,217 - INFO - 

2025-01-16 16:59:04,217 - INFO - Do you want to continue this operation? (Y/N) [N]: 

2025-01-16 16:59:04,218 - INFO - Command failed with error:
No valid response was provided.

2025-01-16 16:59:04,218 - ERROR - Command failed with error:
No valid response was provided.

2025-01-16 16:59:29,616 - DEBUG - Executing command: ipconfig /flushdns /?
2025-01-16 16:59:29,617 - INFO - Executing command: ipconfig /flushdns /?
2025-01-16 16:59:29,704 - INFO - 

2025-01-16 16:59:29,704 - INFO - Error: unrecognized or incomplete command line.

2025-01-16 16:59:29,704 - INFO - 

2025-01-16 16:59:29,704 - INFO - USAGE:

2025-01-16 16:59:29,704 - INFO -     ipconfig [/allcompartments] [/? | /all | 

2025-01-16 16:59:29,704 - INFO -                                  /renew [adapter] | /release [adapter] |

2025-01-16 16:59:29,704 - INFO -                                  /renew6 [adapter] | /release6 [adapter] |

2025-01-16 16:59:29,705 - INFO -                                  /flushdns | /displaydns | /registerdns |

2025-01-16 16:59:29,705 - INFO -                                  /showclassid adapter |

2025-01-16 16:59:29,705 - INFO -                                  /setclassid adapter [classid] |

2025-01-16 16:59:29,705 - INFO -                                  /showclassid6 adapter |

2025-01-16 16:59:29,705 - INFO -                                  /setclassid6 adapter [classid] ]

2025-01-16 16:59:29,705 - INFO - 

2025-01-16 16:59:29,705 - INFO - where

2025-01-16 16:59:29,705 - INFO -     adapter             Connection name 

2025-01-16 16:59:29,705 - INFO -                        (wildcard characters * and ? allowed, see examples)

2025-01-16 16:59:29,705 - INFO - 

2025-01-16 16:59:29,706 - INFO -     Options:

2025-01-16 16:59:29,706 - INFO -        /?               Display this help message

2025-01-16 16:59:29,706 - INFO -        /all             Display full configuration information.

2025-01-16 16:59:29,706 - INFO -        /release         Release the IPv4 address for the specified adapter.

2025-01-16 16:59:29,707 - INFO -        /release6        Release the IPv6 address for the specified adapter.

2025-01-16 16:59:29,707 - INFO -        /renew           Renew the IPv4 address for the specified adapter.

2025-01-16 16:59:29,707 - INFO -        /renew6          Renew the IPv6 address for the specified adapter.

2025-01-16 16:59:29,707 - INFO -        /flushdns        Purges the DNS Resolver cache.

2025-01-16 16:59:29,708 - INFO -        /registerdns     Refreshes all DHCP leases and re-registers DNS names

2025-01-16 16:59:29,709 - INFO -        /displaydns      Display the contents of the DNS Resolver Cache.

2025-01-16 16:59:29,709 - INFO -        /showclassid     Displays all the dhcp class IDs allowed for adapter.

2025-01-16 16:59:29,710 - INFO -        /setclassid      Modifies the dhcp class id.  

2025-01-16 16:59:29,710 - INFO -        /showclassid6    Displays all the IPv6 DHCP class IDs allowed for adapter.

2025-01-16 16:59:29,711 - INFO -        /setclassid6     Modifies the IPv6 DHCP class id.

2025-01-16 16:59:29,711 - INFO - 

2025-01-16 16:59:29,711 - INFO - 

2025-01-16 16:59:29,712 - INFO - The default is to display only the IP address, subnet mask and

2025-01-16 16:59:29,713 - INFO - default gateway for each adapter bound to TCP/IP.

2025-01-16 16:59:29,713 - INFO - 

2025-01-16 16:59:29,714 - INFO - For Release and Renew, if no adapter name is specified, then the IP address

2025-01-16 16:59:29,714 - INFO - leases for all adapters bound to TCP/IP will be released or renewed.

2025-01-16 16:59:29,715 - INFO - 

2025-01-16 16:59:29,715 - INFO - For Setclassid and Setclassid6, if no ClassId is specified, then the ClassId is removed.

2025-01-16 16:59:29,715 - INFO - 

2025-01-16 16:59:29,716 - INFO - Examples:

2025-01-16 16:59:29,716 - INFO -     > ipconfig                       ... Show information

2025-01-16 16:59:29,717 - INFO -     > ipconfig /all                  ... Show detailed information

2025-01-16 16:59:29,717 - INFO -     > ipconfig /renew                ... renew all adapters

2025-01-16 16:59:29,718 - INFO -     > ipconfig /renew EL*            ... renew any connection that has its 

2025-01-16 16:59:29,718 - INFO -                                          name starting with EL

2025-01-16 16:59:29,719 - INFO -     > ipconfig /release *Con*        ... release all matching connections,

2025-01-16 16:59:29,719 - INFO -                                          eg. "Wired Ethernet Connection 1" or

2025-01-16 16:59:29,720 - INFO -                                              "Wired Ethernet Connection 2"

2025-01-16 16:59:29,720 - INFO -     > ipconfig /allcompartments      ... Show information about all 

2025-01-16 16:59:29,721 - INFO -                                          compartments

2025-01-16 16:59:29,721 - INFO -     > ipconfig /allcompartments /all ... Show detailed information about all

2025-01-16 16:59:29,722 - INFO -                                          compartments

2025-01-16 16:59:29,722 - INFO - Command failed with error:

2025-01-16 16:59:29,722 - ERROR - Command failed with error:

2025-01-16 16:59:36,368 - DEBUG - Executing command: ipconfig /flushdns
2025-01-16 16:59:36,369 - INFO - Executing command: ipconfig /flushdns
2025-01-16 16:59:36,431 - INFO - 

2025-01-16 16:59:36,432 - INFO - Windows IP Configuration

2025-01-16 16:59:36,432 - INFO - 

2025-01-16 16:59:36,433 - INFO - Successfully flushed the DNS Resolver Cache.

2025-01-16 16:59:36,435 - INFO - DNS cache flushed successfully.
2025-01-16 16:59:36,863 - DEBUG - Executing command: arp -d
2025-01-16 16:59:36,864 - INFO - Executing command: arp -d
2025-01-16 16:59:36,935 - INFO - ARP cache cleared successfully.
