2025-01-16 15:55:25,989 - 

2025-01-16 15:55:25,990 - Windows IP Configuration

2025-01-16 15:55:25,990 - 

2025-01-16 15:55:25,990 - Successfully flushed the DNS Resolver Cache.

2025-01-16 15:55:25,994 - DNS cache flushed successfully.
2025-01-16 15:55:28,384 - ARP cache cleared successfully.
2025-01-16 15:55:30,463 - 

2025-01-16 15:55:30,463 - Pinging 8.8.8.8 with 32 bytes of data:

2025-01-16 15:55:30,502 - Reply from 8.8.8.8: bytes=32 time=37ms TTL=57

2025-01-16 15:55:31,509 - Reply from 8.8.8.8: bytes=32 time=37ms TTL=57

2025-01-16 15:55:32,520 - Reply from 8.8.8.8: bytes=32 time=43ms TTL=57

2025-01-16 15:55:33,530 - Reply from 8.8.8.8: bytes=32 time=38ms TTL=57

2025-01-16 15:55:33,530 - 

2025-01-16 15:55:33,530 - Ping statistics for 8.8.8.8:

2025-01-16 15:55:33,530 -     Packets: Sent = 4, Received = 4, Lost = 0 (0% loss),

2025-01-16 15:55:33,530 - Approximate round trip times in milli-seconds:

2025-01-16 15:55:33,531 -     Minimum = 37ms, Maximum = 43ms, Average = 38ms

2025-01-16 15:55:33,538 - Connectivity test complete.
2025-01-16 15:55:36,581 - 

2025-01-16 15:55:36,581 - Error: unrecognized or incomplete command line.

2025-01-16 15:55:36,581 - 

2025-01-16 15:55:36,581 - USAGE:

2025-01-16 15:55:36,581 -     ipconfig [/allcompartments] [/? | /all | 

2025-01-16 15:55:36,582 -                                  /renew [adapter] | /release [adapter] |

2025-01-16 15:55:36,582 -                                  /renew6 [adapter] | /release6 [adapter] |

2025-01-16 15:55:36,582 -                                  /flushdns | /displaydns | /registerdns |

2025-01-16 15:55:36,583 -                                  /showclassid adapter |

2025-01-16 15:55:36,584 -                                  /setclassid adapter [classid] |

2025-01-16 15:55:36,585 -                                  /showclassid6 adapter |

2025-01-16 15:55:36,586 -                                  /setclassid6 adapter [classid] ]

2025-01-16 15:55:36,586 - 

2025-01-16 15:55:36,587 - where

2025-01-16 15:55:36,587 -     adapter             Connection name 

2025-01-16 15:55:36,588 -                        (wildcard characters * and ? allowed, see examples)

2025-01-16 15:55:36,588 - 

2025-01-16 15:55:36,589 -     Options:

2025-01-16 15:55:36,589 -        /?               Display this help message

2025-01-16 15:55:36,590 -        /all             Display full configuration information.

2025-01-16 15:55:36,590 -        /release         Release the IPv4 address for the specified adapter.

2025-01-16 15:55:36,591 -        /release6        Release the IPv6 address for the specified adapter.

2025-01-16 15:55:36,591 -        /renew           Renew the IPv4 address for the specified adapter.

2025-01-16 15:55:36,592 -        /renew6          Renew the IPv6 address for the specified adapter.

2025-01-16 15:55:36,592 -        /flushdns        Purges the DNS Resolver cache.

2025-01-16 15:55:36,593 -        /registerdns     Refreshes all DHCP leases and re-registers DNS names

2025-01-16 15:55:36,594 -        /displaydns      Display the contents of the DNS Resolver Cache.

2025-01-16 15:55:36,595 -        /showclassid     Displays all the dhcp class IDs allowed for adapter.

2025-01-16 15:55:36,596 -        /setclassid      Modifies the dhcp class id.  

2025-01-16 15:55:36,597 -        /showclassid6    Displays all the IPv6 DHCP class IDs allowed for adapter.

2025-01-16 15:55:36,598 -        /setclassid6     Modifies the IPv6 DHCP class id.

2025-01-16 15:55:36,599 - 

2025-01-16 15:55:36,599 - 

2025-01-16 15:55:36,600 - The default is to display only the IP address, subnet mask and

2025-01-16 15:55:36,600 - default gateway for each adapter bound to TCP/IP.

2025-01-16 15:55:36,601 - 

2025-01-16 15:55:36,602 - For Release and Renew, if no adapter name is specified, then the IP address

2025-01-16 15:55:36,602 - leases for all adapters bound to TCP/IP will be released or renewed.

2025-01-16 15:55:36,603 - 

2025-01-16 15:55:36,603 - For Setclassid and Setclassid6, if no ClassId is specified, then the ClassId is removed.

2025-01-16 15:55:36,604 - 

2025-01-16 15:55:36,605 - Examples:

2025-01-16 15:55:36,605 -     > ipconfig                       ... Show information

2025-01-16 15:55:36,606 -     > ipconfig /all                  ... Show detailed information

2025-01-16 15:55:36,607 -     > ipconfig /renew                ... renew all adapters

2025-01-16 15:55:36,607 -     > ipconfig /renew EL*            ... renew any connection that has its 

2025-01-16 15:55:36,608 -                                          name starting with EL

2025-01-16 15:55:36,609 -     > ipconfig /release *Con*        ... release all matching connections,

2025-01-16 15:55:36,610 -                                          eg. "Wired Ethernet Connection 1" or

2025-01-16 15:55:36,610 -                                              "Wired Ethernet Connection 2"

2025-01-16 15:55:36,611 -     > ipconfig /allcompartments      ... Show information about all 

2025-01-16 15:55:36,612 -                                          compartments

2025-01-16 15:55:36,613 -     > ipconfig /allcompartments /all ... Show detailed information about all

2025-01-16 15:55:36,613 -                                          compartments

2025-01-16 15:55:36,614 - Command failed with error:

2025-01-16 15:55:45,796 - 

2025-01-16 15:55:45,796 - Displays and modifies the IP-to-Physical address translation tables used by

2025-01-16 15:55:45,797 - address resolution protocol (ARP).

2025-01-16 15:55:45,798 - 

2025-01-16 15:55:45,799 - ARP -s inet_addr eth_addr [if_addr]

2025-01-16 15:55:45,800 - ARP -d inet_addr [if_addr]

2025-01-16 15:55:45,801 - ARP -a [inet_addr] [-N if_addr] [-v]

2025-01-16 15:55:45,802 - 

2025-01-16 15:55:45,803 -   -a            Displays current ARP entries by interrogating the current

2025-01-16 15:55:45,803 -                 protocol data.  If inet_addr is specified, the IP and Physical

2025-01-16 15:55:45,804 -                 addresses for only the specified computer are displayed.  If

2025-01-16 15:55:45,805 -                 more than one network interface uses ARP, entries for each ARP

2025-01-16 15:55:45,806 -                 table are displayed.

2025-01-16 15:55:45,807 -   -g            Same as -a.

2025-01-16 15:55:45,809 -   -v            Displays current ARP entries in verbose mode.  All invalid 

2025-01-16 15:55:45,812 -                 entries and entries on the loop-back interface will be shown.

2025-01-16 15:55:45,814 -   inet_addr     Specifies an internet address.

2025-01-16 15:55:45,814 -   -N if_addr    Displays the ARP entries for the network interface specified

2025-01-16 15:55:45,815 -                 by if_addr.

2025-01-16 15:55:45,815 -   -d            Deletes the host specified by inet_addr. inet_addr may be 

2025-01-16 15:55:45,816 -                 wildcarded with * to delete all hosts.

2025-01-16 15:55:45,816 -   -s            Adds the host and associates the Internet address inet_addr

2025-01-16 15:55:45,817 -                 with the Physical address eth_addr.  The Physical address is

2025-01-16 15:55:45,818 -                 given as 6 hexadecimal bytes separated by hyphens. The entry

2025-01-16 15:55:45,819 -                 is permanent.

2025-01-16 15:55:45,820 -   eth_addr      Specifies a physical address.

2025-01-16 15:55:45,821 -   if_addr       If present, this specifies the Internet address of the

2025-01-16 15:55:45,822 -                 interface whose address translation table should be modified.

2025-01-16 15:55:45,823 -                 If not present, the first applicable interface will be used.

2025-01-16 15:55:45,824 - Example:

2025-01-16 15:55:45,825 -   > arp -s 157.55.85.212   00-aa-00-62-c6-09  .... Adds a static entry.

2025-01-16 15:55:45,826 -   > arp -a                                    .... Displays the arp table.

2025-01-16 15:55:45,827 - Command failed with error:

